<?xml version="1.0" encoding="UTF-8"?>
<testsuite xmlns:xsi="http://www.w3.org/2001/XMLSchema-instance" xsi:noNamespaceSchemaLocation="https://maven.apache.org/surefire/maven-failsafe-plugin/xsd/failsafe-test-report.xsd" name="com.codingchallenge.workload.WorkloadWithTestsIT" time="0.026" tests="2" errors="0" skipped="0" failures="0">
  <properties>
[...]
</properties>
  <testcase name="doesItPrintMismatch" classname="com.codingchallenge.workload.WorkloadWithTestsIT" time="0.015"/>
  <testcase name="doesItPrintTrue" classname="com.codingchallenge.workload.WorkloadWithTestsIT" time="0"/>
</testsuite>